<?xml version="1.0" encoding="UTF-8"?>
<testng-results ignored="0" total="1" passed="1" failed="0" skipped="0">
  <reporter-output>
  </reporter-output>
  <suite started-at="2024-04-27T11:26:39Z" name="Suite" finished-at="2024-04-27T11:26:48Z" duration-ms="8381">
    <groups>
    </groups>
    <test started-at="2024-04-27T11:26:39Z" name="Test" finished-at="2024-04-27T11:26:48Z" duration-ms="8381">
      <class name="com.nopcommerce.Register.Register">
        <test-method is-config="true" signature="beforeClass()[pri:0, instance:com.nopcommerce.Register.Register@4fe767f3]" started-at="2024-04-27T11:26:39Z" name="beforeClass" finished-at="2024-04-27T11:26:46Z" duration-ms="6801" status="PASS">
          <reporter-output>
          </reporter-output>
        </test-method> <!-- beforeClass -->
        <test-method signature="f()[pri:0, instance:com.nopcommerce.Register.Register@4fe767f3]" started-at="2024-04-27T11:26:46Z" name="f" finished-at="2024-04-27T11:26:46Z" duration-ms="7" status="PASS">
          <reporter-output>
          </reporter-output>
        </test-method> <!-- f -->
        <test-method is-config="true" signature="afterClass()[pri:0, instance:com.nopcommerce.Register.Register@4fe767f3]" started-at="2024-04-27T11:26:46Z" name="afterClass" finished-at="2024-04-27T11:26:48Z" duration-ms="1548" status="PASS">
          <reporter-output>
          </reporter-output>
        </test-method> <!-- afterClass -->
      </class> <!-- com.nopcommerce.Register.Register -->
    </test> <!-- Test -->
  </suite> <!-- Suite -->
</testng-results>
